2024-08-07T11:28:44+00:00 DEBUG Tt4b_Pixel_Class::inject_initiate_checkout_event: hit InitiateCheckout
2024-08-07T11:28:44+00:00 DEBUG Tt4b_Pixel_Class::inject_initiate_checkout_event: Missing option "access_token"
2024-08-07T11:30:32+00:00 DEBUG Tt4b_Pixel_Class::inject_initiate_checkout_event: hit InitiateCheckout
2024-08-07T11:30:32+00:00 DEBUG Tt4b_Pixel_Class::inject_initiate_checkout_event: Missing option "access_token"
2024-08-07T11:30:38+00:00 DEBUG Tt4b_Pixel_Class::inject_initiate_checkout_event: hit InitiateCheckout
2024-08-07T11:30:38+00:00 DEBUG Tt4b_Pixel_Class::inject_initiate_checkout_event: Missing option "access_token"
2024-08-07T14:05:01+00:00 DEBUG Tt4b_Pixel_Class::inject_initiate_checkout_event: hit InitiateCheckout
2024-08-07T14:05:01+00:00 DEBUG Tt4b_Pixel_Class::inject_initiate_checkout_event: Missing option "access_token"
2024-08-07T14:05:10+00:00 DEBUG Tt4b_Pixel_Class::inject_initiate_checkout_event: hit InitiateCheckout
2024-08-07T14:05:10+00:00 DEBUG Tt4b_Pixel_Class::inject_initiate_checkout_event: Missing option "access_token"
2024-08-07T14:05:36+00:00 DEBUG Tt4b_Pixel_Class::inject_initiate_checkout_event: hit InitiateCheckout
2024-08-07T14:05:36+00:00 DEBUG Tt4b_Pixel_Class::inject_initiate_checkout_event: Missing option "access_token"
2024-08-07T14:05:36+00:00 DEBUG Tt4b_Pixel_Class::inject_initiate_checkout_event: hit InitiateCheckout
2024-08-07T14:05:36+00:00 DEBUG Tt4b_Pixel_Class::inject_initiate_checkout_event: Missing option "access_token"
2024-08-07T14:10:23+00:00 DEBUG Tt4b_Pixel_Class::inject_initiate_checkout_event: hit InitiateCheckout
2024-08-07T14:10:23+00:00 DEBUG Tt4b_Pixel_Class::inject_initiate_checkout_event: Missing option "access_token"
2024-08-07T14:10:32+00:00 DEBUG Tt4b_Pixel_Class::inject_initiate_checkout_event: hit InitiateCheckout
2024-08-07T14:10:32+00:00 DEBUG Tt4b_Pixel_Class::inject_initiate_checkout_event: Missing option "access_token"
2024-08-07T14:11:39+00:00 DEBUG Tt4b_Pixel_Class::inject_initiate_checkout_event: hit InitiateCheckout
2024-08-07T14:11:39+00:00 DEBUG Tt4b_Pixel_Class::inject_initiate_checkout_event: Missing option "access_token"
2024-08-07T14:11:42+00:00 DEBUG Tt4b_Pixel_Class::inject_initiate_checkout_event: hit InitiateCheckout
2024-08-07T14:11:42+00:00 DEBUG Tt4b_Pixel_Class::inject_initiate_checkout_event: Missing option "access_token"
2024-08-07T14:12:44+00:00 DEBUG Tt4b_Pixel_Class::inject_initiate_checkout_event: hit InitiateCheckout
2024-08-07T14:12:44+00:00 DEBUG Tt4b_Pixel_Class::inject_initiate_checkout_event: Missing option "access_token"
2024-08-07T14:14:15+00:00 DEBUG Tt4b_Pixel_Class::inject_initiate_checkout_event: hit InitiateCheckout
2024-08-07T14:14:15+00:00 DEBUG Tt4b_Pixel_Class::inject_initiate_checkout_event: Missing option "access_token"
2024-08-07T14:16:03+00:00 DEBUG Tt4b_Pixel_Class::inject_initiate_checkout_event: hit InitiateCheckout
2024-08-07T14:16:03+00:00 DEBUG Tt4b_Pixel_Class::inject_initiate_checkout_event: Missing option "access_token"
2024-08-07T14:16:13+00:00 DEBUG Tt4b_Pixel_Class::inject_initiate_checkout_event: hit InitiateCheckout
2024-08-07T14:16:13+00:00 DEBUG Tt4b_Pixel_Class::inject_initiate_checkout_event: Missing option "access_token"
2024-08-07T14:17:20+00:00 DEBUG Tt4b_Pixel_Class::inject_initiate_checkout_event: hit InitiateCheckout
2024-08-07T14:17:20+00:00 DEBUG Tt4b_Pixel_Class::inject_initiate_checkout_event: Missing option "access_token"
2024-08-07T14:17:21+00:00 DEBUG Tt4b_Pixel_Class::inject_initiate_checkout_event: hit InitiateCheckout
2024-08-07T14:17:21+00:00 DEBUG Tt4b_Pixel_Class::inject_initiate_checkout_event: Missing option "access_token"
2024-08-07T14:17:29+00:00 DEBUG Tt4b_Pixel_Class::inject_initiate_checkout_event: hit InitiateCheckout
2024-08-07T14:17:29+00:00 DEBUG Tt4b_Pixel_Class::inject_initiate_checkout_event: Missing option "access_token"
2024-08-07T14:17:30+00:00 DEBUG Tt4b_Pixel_Class::inject_initiate_checkout_event: hit InitiateCheckout
2024-08-07T14:17:30+00:00 DEBUG Tt4b_Pixel_Class::inject_initiate_checkout_event: Missing option "access_token"
2024-08-07T14:17:35+00:00 DEBUG Tt4b_Pixel_Class::inject_initiate_checkout_event: hit InitiateCheckout
2024-08-07T14:17:35+00:00 DEBUG Tt4b_Pixel_Class::inject_initiate_checkout_event: Missing option "access_token"
2024-08-07T14:17:42+00:00 DEBUG Tt4b_Pixel_Class::inject_initiate_checkout_event: hit InitiateCheckout
2024-08-07T14:17:42+00:00 DEBUG Tt4b_Pixel_Class::inject_initiate_checkout_event: Missing option "access_token"
2024-08-07T14:22:25+00:00 DEBUG Tt4b_Pixel_Class::inject_initiate_checkout_event: hit InitiateCheckout
2024-08-07T14:22:25+00:00 DEBUG Tt4b_Pixel_Class::inject_initiate_checkout_event: Missing option "access_token"
2024-08-07T14:27:55+00:00 DEBUG Tt4b_Pixel_Class::inject_initiate_checkout_event: hit InitiateCheckout
2024-08-07T14:27:55+00:00 DEBUG Tt4b_Pixel_Class::inject_initiate_checkout_event: Missing option "access_token"
2024-08-07T14:33:59+00:00 DEBUG Tt4b_Pixel_Class::inject_initiate_checkout_event: hit InitiateCheckout
2024-08-07T14:33:59+00:00 DEBUG Tt4b_Pixel_Class::inject_initiate_checkout_event: Missing option "access_token"
2024-08-07T14:34:11+00:00 DEBUG Tt4b_Pixel_Class::inject_initiate_checkout_event: hit InitiateCheckout
2024-08-07T14:34:11+00:00 DEBUG Tt4b_Pixel_Class::inject_initiate_checkout_event: Missing option "access_token"
2024-08-07T15:11:48+00:00 DEBUG Tt4b_Pixel_Class::inject_initiate_checkout_event: hit InitiateCheckout
2024-08-07T15:11:48+00:00 DEBUG Tt4b_Pixel_Class::inject_initiate_checkout_event: Missing option "access_token"
2024-08-07T15:32:04+00:00 DEBUG Tt4b_Pixel_Class::inject_initiate_checkout_event: hit InitiateCheckout
2024-08-07T15:32:04+00:00 DEBUG Tt4b_Pixel_Class::inject_initiate_checkout_event: Missing option "access_token"
2024-08-07T15:32:21+00:00 DEBUG Tt4b_Pixel_Class::inject_initiate_checkout_event: hit InitiateCheckout
2024-08-07T15:32:21+00:00 DEBUG Tt4b_Pixel_Class::inject_initiate_checkout_event: Missing option "access_token"
2024-08-07T15:32:45+00:00 DEBUG Tt4b_Pixel_Class::inject_initiate_checkout_event: hit InitiateCheckout
2024-08-07T15:32:45+00:00 DEBUG Tt4b_Pixel_Class::inject_initiate_checkout_event: Missing option "access_token"
2024-08-07T15:33:07+00:00 DEBUG Tt4b_Pixel_Class::inject_initiate_checkout_event: hit InitiateCheckout
2024-08-07T15:33:07+00:00 DEBUG Tt4b_Pixel_Class::inject_initiate_checkout_event: Missing option "access_token"
2024-08-07T15:33:08+00:00 DEBUG Tt4b_Pixel_Class::inject_initiate_checkout_event: hit InitiateCheckout
2024-08-07T15:33:08+00:00 DEBUG Tt4b_Pixel_Class::inject_initiate_checkout_event: Missing option "access_token"
2024-08-07T15:52:08+00:00 DEBUG Tt4b_Pixel_Class::inject_initiate_checkout_event: hit InitiateCheckout
2024-08-07T15:52:08+00:00 DEBUG Tt4b_Pixel_Class::inject_initiate_checkout_event: Missing option "access_token"
2024-08-07T15:52:12+00:00 DEBUG Tt4b_Pixel_Class::inject_initiate_checkout_event: hit InitiateCheckout
2024-08-07T15:52:12+00:00 DEBUG Tt4b_Pixel_Class::inject_initiate_checkout_event: Missing option "access_token"
2024-08-07T16:13:09+00:00 DEBUG Tt4b_Pixel_Class::inject_initiate_checkout_event: hit InitiateCheckout
2024-08-07T16:13:09+00:00 DEBUG Tt4b_Pixel_Class::inject_initiate_checkout_event: Missing option "access_token"
2024-08-07T16:13:45+00:00 DEBUG Tt4b_Pixel_Class::inject_initiate_checkout_event: hit InitiateCheckout
2024-08-07T16:13:45+00:00 DEBUG Tt4b_Pixel_Class::inject_initiate_checkout_event: Missing option "access_token"
2024-08-07T16:15:48+00:00 DEBUG Tt4b_Pixel_Class::inject_initiate_checkout_event: hit InitiateCheckout
2024-08-07T16:15:48+00:00 DEBUG Tt4b_Pixel_Class::inject_initiate_checkout_event: Missing option "access_token"
2024-08-07T17:44:41+00:00 DEBUG Tt4b_Pixel_Class::inject_initiate_checkout_event: hit InitiateCheckout
2024-08-07T17:44:41+00:00 DEBUG Tt4b_Pixel_Class::inject_initiate_checkout_event: Missing option "access_token"
2024-08-07T17:52:43+00:00 DEBUG Tt4b_Pixel_Class::inject_initiate_checkout_event: hit InitiateCheckout
2024-08-07T17:52:43+00:00 DEBUG Tt4b_Pixel_Class::inject_initiate_checkout_event: Missing option "access_token"
2024-08-07T17:52:53+00:00 DEBUG Tt4b_Pixel_Class::inject_initiate_checkout_event: hit InitiateCheckout
2024-08-07T17:52:53+00:00 DEBUG Tt4b_Pixel_Class::inject_initiate_checkout_event: Missing option "access_token"
2024-08-07T17:55:29+00:00 DEBUG Tt4b_Pixel_Class::inject_initiate_checkout_event: hit InitiateCheckout
2024-08-07T17:55:29+00:00 DEBUG Tt4b_Pixel_Class::inject_initiate_checkout_event: Missing option "access_token"
2024-08-07T17:55:52+00:00 DEBUG Tt4b_Pixel_Class::inject_initiate_checkout_event: hit InitiateCheckout
2024-08-07T17:55:52+00:00 DEBUG Tt4b_Pixel_Class::inject_initiate_checkout_event: Missing option "access_token"
2024-08-07T17:57:20+00:00 DEBUG Tt4b_Pixel_Class::inject_initiate_checkout_event: hit InitiateCheckout
2024-08-07T17:57:20+00:00 DEBUG Tt4b_Pixel_Class::inject_initiate_checkout_event: Missing option "access_token"
2024-08-07T17:57:53+00:00 DEBUG Tt4b_Pixel_Class::inject_initiate_checkout_event: hit InitiateCheckout
2024-08-07T17:57:53+00:00 DEBUG Tt4b_Pixel_Class::inject_initiate_checkout_event: Missing option "access_token"
2024-08-07T17:57:58+00:00 DEBUG Tt4b_Pixel_Class::inject_initiate_checkout_event: hit InitiateCheckout
2024-08-07T17:57:58+00:00 DEBUG Tt4b_Pixel_Class::inject_initiate_checkout_event: Missing option "access_token"
2024-08-07T17:58:03+00:00 DEBUG Tt4b_Pixel_Class::inject_initiate_checkout_event: hit InitiateCheckout
2024-08-07T17:58:03+00:00 DEBUG Tt4b_Pixel_Class::inject_initiate_checkout_event: Missing option "access_token"
2024-08-07T17:59:17+00:00 DEBUG Tt4b_Pixel_Class::inject_initiate_checkout_event: hit InitiateCheckout
2024-08-07T17:59:17+00:00 DEBUG Tt4b_Pixel_Class::inject_initiate_checkout_event: Missing option "access_token"
2024-08-07T17:59:22+00:00 DEBUG Tt4b_Pixel_Class::inject_initiate_checkout_event: hit InitiateCheckout
2024-08-07T17:59:22+00:00 DEBUG Tt4b_Pixel_Class::inject_initiate_checkout_event: Missing option "access_token"
2024-08-07T17:59:38+00:00 DEBUG Tt4b_Pixel_Class::inject_initiate_checkout_event: hit InitiateCheckout
2024-08-07T17:59:38+00:00 DEBUG Tt4b_Pixel_Class::inject_initiate_checkout_event: Missing option "access_token"
2024-08-07T17:59:41+00:00 DEBUG Tt4b_Pixel_Class::inject_initiate_checkout_event: hit InitiateCheckout
2024-08-07T17:59:41+00:00 DEBUG Tt4b_Pixel_Class::inject_initiate_checkout_event: Missing option "access_token"
2024-08-07T18:00:08+00:00 DEBUG Tt4b_Pixel_Class::inject_initiate_checkout_event: hit InitiateCheckout
2024-08-07T18:00:08+00:00 DEBUG Tt4b_Pixel_Class::inject_initiate_checkout_event: Missing option "access_token"
2024-08-07T18:00:40+00:00 DEBUG Tt4b_Pixel_Class::inject_initiate_checkout_event: hit InitiateCheckout
2024-08-07T18:00:40+00:00 DEBUG Tt4b_Pixel_Class::inject_initiate_checkout_event: Missing option "access_token"
2024-08-07T18:01:11+00:00 DEBUG Tt4b_Pixel_Class::inject_initiate_checkout_event: hit InitiateCheckout
2024-08-07T18:01:11+00:00 DEBUG Tt4b_Pixel_Class::inject_initiate_checkout_event: Missing option "access_token"
2024-08-07T18:02:28+00:00 DEBUG Tt4b_Pixel_Class::inject_initiate_checkout_event: hit InitiateCheckout
2024-08-07T18:02:28+00:00 DEBUG Tt4b_Pixel_Class::inject_initiate_checkout_event: Missing option "access_token"
2024-08-07T18:02:33+00:00 DEBUG Tt4b_Pixel_Class::inject_initiate_checkout_event: hit InitiateCheckout
2024-08-07T18:02:33+00:00 DEBUG Tt4b_Pixel_Class::inject_initiate_checkout_event: Missing option "access_token"
2024-08-07T18:04:22+00:00 DEBUG Tt4b_Pixel_Class::inject_initiate_checkout_event: hit InitiateCheckout
2024-08-07T18:04:22+00:00 DEBUG Tt4b_Pixel_Class::inject_initiate_checkout_event: Missing option "access_token"
2024-08-07T18:04:26+00:00 DEBUG Tt4b_Pixel_Class::inject_initiate_checkout_event: hit InitiateCheckout
2024-08-07T18:04:26+00:00 DEBUG Tt4b_Pixel_Class::inject_initiate_checkout_event: Missing option "access_token"
2024-08-07T18:04:43+00:00 DEBUG Tt4b_Pixel_Class::inject_initiate_checkout_event: hit InitiateCheckout
2024-08-07T18:04:43+00:00 DEBUG Tt4b_Pixel_Class::inject_initiate_checkout_event: Missing option "access_token"
2024-08-07T18:08:27+00:00 DEBUG Tt4b_Pixel_Class::inject_initiate_checkout_event: hit InitiateCheckout
2024-08-07T18:08:27+00:00 DEBUG Tt4b_Pixel_Class::inject_initiate_checkout_event: Missing option "access_token"
2024-08-07T18:08:38+00:00 DEBUG Tt4b_Pixel_Class::inject_purchase_event: hit Purchase
2024-08-07T18:08:38+00:00 DEBUG Tt4b_Pixel_Class::inject_purchase_event: Missing option "access_token"
2024-08-07T18:22:00+00:00 DEBUG Tt4b_Pixel_Class::inject_add_to_cart_event: hit AddToCart
2024-08-07T18:22:00+00:00 DEBUG Tt4b_Pixel_Class::inject_add_to_cart_event: Missing option "access_token"
2024-08-07T18:22:03+00:00 DEBUG Tt4b_Pixel_Class::inject_add_to_cart_event: hit AddToCart
2024-08-07T18:22:03+00:00 DEBUG Tt4b_Pixel_Class::inject_add_to_cart_event: Missing option "access_token"
2024-08-07T18:22:06+00:00 DEBUG Tt4b_Pixel_Class::inject_initiate_checkout_event: hit InitiateCheckout
2024-08-07T18:22:06+00:00 DEBUG Tt4b_Pixel_Class::inject_initiate_checkout_event: Missing option "access_token"
2024-08-07T18:22:09+00:00 DEBUG Tt4b_Pixel_Class::inject_initiate_checkout_event: hit InitiateCheckout
2024-08-07T18:22:09+00:00 DEBUG Tt4b_Pixel_Class::inject_initiate_checkout_event: Missing option "access_token"
2024-08-07T18:22:24+00:00 DEBUG Tt4b_Pixel_Class::inject_purchase_event: hit Purchase
2024-08-07T18:22:24+00:00 DEBUG Tt4b_Pixel_Class::inject_purchase_event: Missing option "access_token"
2024-08-07T18:29:56+00:00 DEBUG Tt4b_Pixel_Class::inject_add_to_cart_event: hit AddToCart
2024-08-07T18:29:56+00:00 DEBUG Tt4b_Pixel_Class::inject_add_to_cart_event: Missing option "access_token"
2024-08-07T18:29:58+00:00 DEBUG Tt4b_Pixel_Class::inject_add_to_cart_event: hit AddToCart
2024-08-07T18:29:58+00:00 DEBUG Tt4b_Pixel_Class::inject_add_to_cart_event: Missing option "access_token"
2024-08-07T18:30:01+00:00 DEBUG Tt4b_Pixel_Class::inject_initiate_checkout_event: hit InitiateCheckout
2024-08-07T18:30:01+00:00 DEBUG Tt4b_Pixel_Class::inject_initiate_checkout_event: Missing option "access_token"
2024-08-07T18:30:03+00:00 DEBUG Tt4b_Pixel_Class::inject_initiate_checkout_event: hit InitiateCheckout
2024-08-07T18:30:03+00:00 DEBUG Tt4b_Pixel_Class::inject_initiate_checkout_event: Missing option "access_token"
2024-08-07T18:30:14+00:00 DEBUG Tt4b_Pixel_Class::inject_purchase_event: hit Purchase
2024-08-07T18:30:14+00:00 DEBUG Tt4b_Pixel_Class::inject_purchase_event: Missing option "access_token"
2024-08-07T18:30:55+00:00 DEBUG Tt4b_Pixel_Class::inject_add_to_cart_event: hit AddToCart
2024-08-07T18:30:55+00:00 DEBUG Tt4b_Pixel_Class::inject_add_to_cart_event: Missing option "access_token"
2024-08-07T18:30:57+00:00 DEBUG Tt4b_Pixel_Class::inject_add_to_cart_event: hit AddToCart
2024-08-07T18:30:57+00:00 DEBUG Tt4b_Pixel_Class::inject_add_to_cart_event: Missing option "access_token"
2024-08-07T18:31:02+00:00 DEBUG Tt4b_Pixel_Class::inject_initiate_checkout_event: hit InitiateCheckout
2024-08-07T18:31:02+00:00 DEBUG Tt4b_Pixel_Class::inject_initiate_checkout_event: Missing option "access_token"
2024-08-07T18:31:18+00:00 DEBUG Tt4b_Pixel_Class::inject_purchase_event: hit Purchase
2024-08-07T18:31:18+00:00 DEBUG Tt4b_Pixel_Class::inject_purchase_event: Missing option "access_token"
2024-08-07T18:42:16+00:00 DEBUG Tt4b_Pixel_Class::inject_add_to_cart_event: hit AddToCart
2024-08-07T18:42:16+00:00 DEBUG Tt4b_Pixel_Class::inject_add_to_cart_event: Missing option "access_token"
2024-08-07T18:42:18+00:00 DEBUG Tt4b_Pixel_Class::inject_add_to_cart_event: hit AddToCart
2024-08-07T18:42:18+00:00 DEBUG Tt4b_Pixel_Class::inject_add_to_cart_event: Missing option "access_token"
2024-08-07T18:42:21+00:00 DEBUG Tt4b_Pixel_Class::inject_initiate_checkout_event: hit InitiateCheckout
2024-08-07T18:42:21+00:00 DEBUG Tt4b_Pixel_Class::inject_initiate_checkout_event: Missing option "access_token"
2024-08-07T18:42:23+00:00 DEBUG Tt4b_Pixel_Class::inject_initiate_checkout_event: hit InitiateCheckout
2024-08-07T18:42:23+00:00 DEBUG Tt4b_Pixel_Class::inject_initiate_checkout_event: Missing option "access_token"
2024-08-07T18:42:33+00:00 DEBUG Tt4b_Pixel_Class::inject_purchase_event: hit Purchase
2024-08-07T18:42:33+00:00 DEBUG Tt4b_Pixel_Class::inject_purchase_event: Missing option "access_token"
